<?xml version="1.0" encoding="UTF-8"?>
<testng-results skipped="0" failed="1" ignored="0" total="2" passed="1">
  <reporter-output>
  </reporter-output>
  <suite name="Default suite" duration-ms="2545" started-at="2018-03-23T15:56:51Z" finished-at="2018-03-23T15:56:54Z">
    <groups>
    </groups>
    <test name="Default test" duration-ms="2545" started-at="2018-03-23T15:56:51Z" finished-at="2018-03-23T15:56:54Z">
      <class name="JsonPathTest">
        <test-method status="PASS" signature="JsonPathUsage()[pri:0, instance:JsonPathTest@cc285f4]" name="JsonPathUsage" duration-ms="2313" started-at="2018-03-23T15:56:51Z" finished-at="2018-03-23T15:56:54Z">
          <reporter-output>
          </reporter-output>
        </test-method> <!-- JsonPathUsage -->
        <test-method status="FAIL" signature="JsonPathUsageClass()[pri:0, instance:JsonPathTest@cc285f4]" name="JsonPathUsageClass" duration-ms="185" started-at="2018-03-23T15:56:54Z" finished-at="2018-03-23T15:56:54Z">
          <exception class="java.lang.IllegalStateException">
            <message>
              <![CDATA[Cannot deserialize object because no JSON deserializer found in classpath. Please put either Jackson (Databind) or Gson in the classpath.]]>
            </message>
            <full-stacktrace>
              <![CDATA[java.lang.IllegalStateException: Cannot deserialize object because no JSON deserializer found in classpath. Please put either Jackson (Databind) or Gson in the classpath.
at sun.reflect.NativeConstructorAccessorImpl.newInstance0(Native Method)
at sun.reflect.NativeConstructorAccessorImpl.newInstance(NativeConstructorAccessorImpl.java:62)
at sun.reflect.DelegatingConstructorAccessorImpl.newInstance(DelegatingConstructorAccessorImpl.java:45)
at java.lang.reflect.Constructor.newInstance(Constructor.java:423)
at org.codehaus.groovy.reflection.CachedConstructor.invoke(CachedConstructor.java:83)
at org.codehaus.groovy.runtime.callsite.ConstructorSite$ConstructorSiteNoUnwrapNoCoerce.callConstructor(ConstructorSite.java:105)
at org.codehaus.groovy.runtime.callsite.CallSiteArray.defaultCallConstructor(CallSiteArray.java:60)
at org.codehaus.groovy.runtime.callsite.AbstractCallSite.callConstructor(AbstractCallSite.java:235)
at org.codehaus.groovy.runtime.callsite.AbstractCallSite.callConstructor(AbstractCallSite.java:247)
at io.restassured.internal.path.json.mapping.JsonObjectDeserializer.deserialize(JsonObjectDeserializer.groovy:73)
at io.restassured.path.json.JsonPath.jsonStringToObject(JsonPath.java:1016)
at io.restassured.path.json.JsonPath.getList(JsonPath.java:398)
at JsonPathTest.JsonPathUsageClass(JsonPathTest.java:46)
at sun.reflect.NativeMethodAccessorImpl.invoke0(Native Method)
at sun.reflect.NativeMethodAccessorImpl.invoke(NativeMethodAccessorImpl.java:62)
at sun.reflect.DelegatingMethodAccessorImpl.invoke(DelegatingMethodAccessorImpl.java:43)
at java.lang.reflect.Method.invoke(Method.java:498)
at org.testng.internal.MethodInvocationHelper.invokeMethod(MethodInvocationHelper.java:124)
at org.testng.internal.Invoker.invokeMethod(Invoker.java:580)
at org.testng.internal.Invoker.invokeTestMethod(Invoker.java:716)
at org.testng.internal.Invoker.invokeTestMethods(Invoker.java:988)
at org.testng.internal.TestMethodWorker.invokeTestMethods(TestMethodWorker.java:125)
at org.testng.internal.TestMethodWorker.run(TestMethodWorker.java:109)
at org.testng.TestRunner.privateRun(TestRunner.java:648)
at org.testng.TestRunner.run(TestRunner.java:505)
at org.testng.SuiteRunner.runTest(SuiteRunner.java:455)
at org.testng.SuiteRunner.runSequentially(SuiteRunner.java:450)
at org.testng.SuiteRunner.privateRun(SuiteRunner.java:415)
at org.testng.SuiteRunner.run(SuiteRunner.java:364)
at org.testng.SuiteRunnerWorker.runSuite(SuiteRunnerWorker.java:52)
at org.testng.SuiteRunnerWorker.run(SuiteRunnerWorker.java:84)
at org.testng.TestNG.runSuitesSequentially(TestNG.java:1208)
at org.testng.TestNG.runSuitesLocally(TestNG.java:1137)
at org.testng.TestNG.runSuites(TestNG.java:1049)
at org.testng.TestNG.run(TestNG.java:1017)
at org.testng.remote.AbstractRemoteTestNG.run(AbstractRemoteTestNG.java:114)
at org.testng.remote.RemoteTestNG.initAndRun(RemoteTestNG.java:251)
at org.testng.remote.RemoteTestNG.main(RemoteTestNG.java:77)
]]>
            </full-stacktrace>
          </exception> <!-- java.lang.IllegalStateException -->
          <reporter-output>
          </reporter-output>
        </test-method> <!-- JsonPathUsageClass -->
      </class> <!-- JsonPathTest -->
    </test> <!-- Default test -->
  </suite> <!-- Default suite -->
</testng-results>
